<?xml version="1.0" encoding="UTF-8"?>
<testsuite name="com.modern.training.platform.controller.ModernTrainingPlatformControllerIntegrationTest" tests="1" skipped="0" failures="0" errors="0" timestamp="2022-01-27T14:54:26" hostname="dprabodh-a01.vmware.com" time="0.113">
  <properties/>
  <testcase name="testGetCompanyProfile()" classname="com.modern.training.platform.controller.ModernTrainingPlatformControllerIntegrationTest" time="0.113"/>
  <system-out><![CDATA[2022-01-27 09:54:26.057  INFO 11616 --- [    Test worker] o.s.t.c.support.AbstractContextLoader    : Could not detect default resource locations for test class [com.modern.training.platform.controller.ModernTrainingPlatformControllerIntegrationTest]: no resource found for suffixes {-context.xml, Context.groovy}.
2022-01-27 09:54:26.066  INFO 11616 --- [    Test worker] .b.t.a.w.s.WebMvcTestContextBootstrapper : Loaded default TestExecutionListener class names from location [META-INF/spring.factories]: [org.springframework.boot.test.autoconfigure.restdocs.RestDocsTestExecutionListener, org.springframework.boot.test.autoconfigure.web.client.MockRestServiceServerResetTestExecutionListener, org.springframework.boot.test.autoconfigure.web.servlet.MockMvcPrintOnlyOnFailureTestExecutionListener, org.springframework.boot.test.autoconfigure.web.servlet.WebDriverTestExecutionListener, org.springframework.boot.test.autoconfigure.webservices.client.MockWebServiceServerTestExecutionListener, org.springframework.boot.test.mock.mockito.MockitoTestExecutionListener, org.springframework.boot.test.mock.mockito.ResetMocksTestExecutionListener, org.springframework.test.context.web.ServletTestExecutionListener, org.springframework.test.context.support.DirtiesContextBeforeModesTestExecutionListener, org.springframework.test.context.event.ApplicationEventsTestExecutionListener, org.springframework.test.context.support.DependencyInjectionTestExecutionListener, org.springframework.test.context.support.DirtiesContextTestExecutionListener, org.springframework.test.context.transaction.TransactionalTestExecutionListener, org.springframework.test.context.jdbc.SqlScriptsTestExecutionListener, org.springframework.test.context.event.EventPublishingTestExecutionListener]
2022-01-27 09:54:26.067  INFO 11616 --- [    Test worker] .b.t.a.w.s.WebMvcTestContextBootstrapper : Using TestExecutionListeners: [org.springframework.test.context.web.ServletTestExecutionListener@761f234c, org.springframework.test.context.support.DirtiesContextBeforeModesTestExecutionListener@687b0ddc, org.springframework.test.context.event.ApplicationEventsTestExecutionListener@42b4df5a, org.springframework.boot.test.mock.mockito.MockitoTestExecutionListener@9f1ca74, org.springframework.boot.test.autoconfigure.SpringBootDependencyInjectionTestExecutionListener@67b8d45, org.springframework.test.context.support.DirtiesContextTestExecutionListener@365e65bb, org.springframework.test.context.event.EventPublishingTestExecutionListener@52f43225, org.springframework.boot.test.autoconfigure.restdocs.RestDocsTestExecutionListener@55d1f065, org.springframework.boot.test.autoconfigure.web.client.MockRestServiceServerResetTestExecutionListener@f9a5e3f, org.springframework.boot.test.autoconfigure.web.servlet.MockMvcPrintOnlyOnFailureTestExecutionListener@4aac81ca, org.springframework.boot.test.autoconfigure.web.servlet.WebDriverTestExecutionListener@393ae7a0, org.springframework.boot.test.autoconfigure.webservices.client.MockWebServiceServerTestExecutionListener@63326a3a, org.springframework.boot.test.mock.mockito.ResetMocksTestExecutionListener@3e04abc5]

  .   ____          _            __ _ _
 /\\ / ___'_ __ _ _(_)_ __  __ _ \ \ \ \
( ( )\___ | '_ | '_| | '_ \/ _` | \ \ \ \
 \\/  ___)| |_)| | | | | || (_| |  ) ) ) )
  '  |____| .__|_| |_|_| |_\__, | / / / /
 =========|_|==============|___/=/_/_/_/
 :: Spring Boot ::                (v2.5.3)

2022-01-27 09:54:26.086  INFO 11616 --- [    Test worker] rainingPlatformControllerIntegrationTest : Starting ModernTrainingPlatformControllerIntegrationTest using Java 17.0.1 on dprabodh-a01.vmware.com with PID 11616 (started by dprabodh in /Users/dprabodh/Documents/Modern-Trading-Platform)
2022-01-27 09:54:26.086  INFO 11616 --- [    Test worker] rainingPlatformControllerIntegrationTest : The following profiles are active: dev
2022-01-27 09:54:26.413  INFO 11616 --- [    Test worker] o.s.b.t.m.w.SpringBootMockServletContext : Initializing Spring TestDispatcherServlet ''
2022-01-27 09:54:26.414  INFO 11616 --- [    Test worker] o.s.t.web.servlet.TestDispatcherServlet  : Initializing Servlet ''
2022-01-27 09:54:26.414  INFO 11616 --- [    Test worker] o.s.t.web.servlet.TestDispatcherServlet  : Completed initialization in 0 ms
2022-01-27 09:54:26.428  INFO 11616 --- [    Test worker] rainingPlatformControllerIntegrationTest : Started ModernTrainingPlatformControllerIntegrationTest in 0.36 seconds (JVM running for 3.347)
2022-01-27 09:54:26.461  INFO 11616 --- [    Test worker] c.m.t.p.config.LoggingAspectConfig       : MTP.trace.ModernTrainingPlatformController.getCompanyProfile(..):[TSLA, 5]
]]></system-out>
  <system-err><![CDATA[]]></system-err>
</testsuite>
